2023-07-15T00:11:39.612Z [Modules] Modules initializing
2023-07-15T00:11:39.612Z [Modules] Distribution: remote
2023-07-15T00:11:39.613Z [Modules] Host updates: enabled
2023-07-15T00:11:39.613Z [Modules] Module updates: enabled
2023-07-15T00:11:39.613Z [Modules] Module install path: /home/mightyficus/.config/discord/0.0.28/modules
2023-07-15T00:11:39.613Z [Modules] Module installed file path: /home/mightyficus/.config/discord/0.0.28/modules/installed.json
2023-07-15T00:11:39.613Z [Modules] Module download path: /home/mightyficus/.config/discord/0.0.28/modules/pending
2023-07-15T00:11:39.740Z [Modules] Bootstrapping...
2023-07-15T00:11:39.740Z [Modules] Installing discord_desktop_core@0 from /opt/discord/resources/bootstrap/discord_desktop_core.zip
2023-07-15T00:11:39.741Z [Modules] Failed installing discord_desktop_core@0: Error: ENOENT: no such file or directory, open '/opt/discord/resources/bootstrap/discord_desktop_core.zip'
2023-07-15T00:11:39.741Z [Modules] Installing discord_erlpack@0 from /opt/discord/resources/bootstrap/discord_erlpack.zip
2023-07-15T00:11:39.742Z [Modules] Failed installing discord_erlpack@0: Error: ENOENT: no such file or directory, open '/opt/discord/resources/bootstrap/discord_erlpack.zip'
2023-07-15T00:11:39.742Z [Modules] Installing discord_spellcheck@0 from /opt/discord/resources/bootstrap/discord_spellcheck.zip
2023-07-15T00:11:39.742Z [Modules] Failed installing discord_spellcheck@0: Error: ENOENT: no such file or directory, open '/opt/discord/resources/bootstrap/discord_spellcheck.zip'
2023-07-15T00:11:39.742Z [Modules] Installing discord_utils@0 from /opt/discord/resources/bootstrap/discord_utils.zip
2023-07-15T00:11:39.743Z [Modules] Failed installing discord_utils@0: Error: ENOENT: no such file or directory, open '/opt/discord/resources/bootstrap/discord_utils.zip'
2023-07-15T00:11:39.743Z [Modules] Installing discord_voice@0 from /opt/discord/resources/bootstrap/discord_voice.zip
2023-07-15T00:11:39.743Z [Modules] Failed installing discord_voice@0: Error: ENOENT: no such file or directory, open '/opt/discord/resources/bootstrap/discord_voice.zip'
2023-07-15T00:11:39.743Z [Modules] Finished module installations. [success: 0] [failure: 5]
2023-07-15T00:11:39.743Z [Modules] Checking for host updates.
2023-07-15T00:11:44.918Z [Modules] Host is up to date.
2023-07-15T00:11:44.919Z [Modules] Checking for module updates at https://discord.com/api/modules/stable/versions.json
2023-07-15T00:11:44.953Z [Modules] Module update available: discord_desktop_core@1 [installed: 0]
2023-07-15T00:11:44.954Z [Modules] Module update available: discord_erlpack@1 [installed: 0]
2023-07-15T00:11:44.954Z [Modules] Module update available: discord_spellcheck@1 [installed: 0]
2023-07-15T00:11:44.954Z [Modules] Module update available: discord_utils@1 [installed: 0]
2023-07-15T00:11:44.954Z [Modules] Module update available: discord_voice@1 [installed: 0]
2023-07-15T00:11:44.956Z [Modules] Fetching discord_desktop_core@1 from https://discord.com/api/modules/stable/discord_desktop_core/1
2023-07-15T00:11:44.956Z [Modules] Streaming discord_desktop_core@1 to /home/mightyficus/.config/discord/0.0.28/modules/pending/discord_desktop_core-1.zip
2023-07-15T00:11:45.239Z [Modules] Streaming discord_desktop_core@1 to /home/mightyficus/.config/discord/0.0.28/modules/pending/discord_desktop_core-1.zip: 1%
2023-07-15T00:11:45.252Z [Modules] Streaming discord_desktop_core@1 to /home/mightyficus/.config/discord/0.0.28/modules/pending/discord_desktop_core-1.zip: 2%
2023-07-15T00:11:45.264Z [Modules] Streaming discord_desktop_core@1 to /home/mightyficus/.config/discord/0.0.28/modules/pending/discord_desktop_core-1.zip: 3%
2023-07-15T00:11:45.277Z [Modules] Streaming discord_desktop_core@1 to /home/mightyficus/.config/discord/0.0.28/modules/pending/discord_desktop_core-1.zip: 4%
2023-07-15T00:11:45.296Z [Modules] Streaming discord_desktop_core@1 to /home/mightyficus/.config/discord/0.0.28/modules/pending/discord_desktop_core-1.zip: 7%
2023-07-15T00:11:45.308Z [Modules] Streaming discord_desktop_core@1 to /home/mightyficus/.config/discord/0.0.28/modules/pending/discord_desktop_core-1.zip: 10%
2023-07-15T00:11:45.312Z [Modules] Streaming discord_desktop_core@1 to /home/mightyficus/.config/discord/0.0.28/modules/pending/discord_desktop_core-1.zip: 11%
2023-07-15T00:11:45.315Z [Modules] Streaming discord_desktop_core@1 to /home/mightyficus/.config/discord/0.0.28/modules/pending/discord_desktop_core-1.zip: 12%
2023-07-15T00:11:45.317Z [Modules] Streaming discord_desktop_core@1 to /home/mightyficus/.config/discord/0.0.28/modules/pending/discord_desktop_core-1.zip: 13%
2023-07-15T00:11:45.321Z [Modules] Streaming discord_desktop_core@1 to /home/mightyficus/.config/discord/0.0.28/modules/pending/discord_desktop_core-1.zip: 14%
2023-07-15T00:11:45.323Z [Modules] Streaming discord_desktop_core@1 to /home/mightyficus/.config/discord/0.0.28/modules/pending/discord_desktop_core-1.zip: 15%
2023-07-15T00:11:45.325Z [Modules] Streaming discord_desktop_core@1 to /home/mightyficus/.config/discord/0.0.28/modules/pending/discord_desktop_core-1.zip: 16%
2023-07-15T00:11:45.327Z [Modules] Streaming discord_desktop_core@1 to /home/mightyficus/.config/discord/0.0.28/modules/pending/discord_desktop_core-1.zip: 17%
2023-07-15T00:11:45.331Z [Modules] Streaming discord_desktop_core@1 to /home/mightyficus/.config/discord/0.0.28/modules/pending/discord_desktop_core-1.zip: 20%
2023-07-15T00:11:45.336Z [Modules] Streaming discord_desktop_core@1 to /home/mightyficus/.config/discord/0.0.28/modules/pending/discord_desktop_core-1.zip: 23%
2023-07-15T00:11:45.340Z [Modules] Streaming discord_desktop_core@1 to /home/mightyficus/.config/discord/0.0.28/modules/pending/discord_desktop_core-1.zip: 25%
2023-07-15T00:11:45.342Z [Modules] Streaming discord_desktop_core@1 to /home/mightyficus/.config/discord/0.0.28/modules/pending/discord_desktop_core-1.zip: 27%
2023-07-15T00:11:45.345Z [Modules] Streaming discord_desktop_core@1 to /home/mightyficus/.config/discord/0.0.28/modules/pending/discord_desktop_core-1.zip: 30%
2023-07-15T00:11:45.349Z [Modules] Streaming discord_desktop_core@1 to /home/mightyficus/.config/discord/0.0.28/modules/pending/discord_desktop_core-1.zip: 33%
2023-07-15T00:11:45.352Z [Modules] Streaming discord_desktop_core@1 to /home/mightyficus/.config/discord/0.0.28/modules/pending/discord_desktop_core-1.zip: 36%
2023-07-15T00:11:45.354Z [Modules] Streaming discord_desktop_core@1 to /home/mightyficus/.config/discord/0.0.28/modules/pending/discord_desktop_core-1.zip: 39%
2023-07-15T00:11:45.357Z [Modules] Streaming discord_desktop_core@1 to /home/mightyficus/.config/discord/0.0.28/modules/pending/discord_desktop_core-1.zip: 42%
2023-07-15T00:11:45.357Z [Modules] Streaming discord_desktop_core@1 to /home/mightyficus/.config/discord/0.0.28/modules/pending/discord_desktop_core-1.zip: 43%
2023-07-15T00:11:45.360Z [Modules] Streaming discord_desktop_core@1 to /home/mightyficus/.config/discord/0.0.28/modules/pending/discord_desktop_core-1.zip: 46%
2023-07-15T00:11:45.362Z [Modules] Streaming discord_desktop_core@1 to /home/mightyficus/.config/discord/0.0.28/modules/pending/discord_desktop_core-1.zip: 49%
2023-07-15T00:11:45.364Z [Modules] Streaming discord_desktop_core@1 to /home/mightyficus/.config/discord/0.0.28/modules/pending/discord_desktop_core-1.zip: 52%
2023-07-15T00:11:45.366Z [Modules] Streaming discord_desktop_core@1 to /home/mightyficus/.config/discord/0.0.28/modules/pending/discord_desktop_core-1.zip: 55%
2023-07-15T00:11:45.367Z [Modules] Streaming discord_desktop_core@1 to /home/mightyficus/.config/discord/0.0.28/modules/pending/discord_desktop_core-1.zip: 56%
2023-07-15T00:11:45.369Z [Modules] Streaming discord_desktop_core@1 to /home/mightyficus/.config/discord/0.0.28/modules/pending/discord_desktop_core-1.zip: 59%
2023-07-15T00:11:45.372Z [Modules] Streaming discord_desktop_core@1 to /home/mightyficus/.config/discord/0.0.28/modules/pending/discord_desktop_core-1.zip: 62%
2023-07-15T00:11:45.373Z [Modules] Streaming discord_desktop_core@1 to /home/mightyficus/.config/discord/0.0.28/modules/pending/discord_desktop_core-1.zip: 66%
2023-07-15T00:11:45.374Z [Modules] Streaming discord_desktop_core@1 to /home/mightyficus/.config/discord/0.0.28/modules/pending/discord_desktop_core-1.zip: 69%
2023-07-15T00:11:45.376Z [Modules] Streaming discord_desktop_core@1 to /home/mightyficus/.config/discord/0.0.28/modules/pending/discord_desktop_core-1.zip: 72%
2023-07-15T00:11:45.378Z [Modules] Streaming discord_desktop_core@1 to /home/mightyficus/.config/discord/0.0.28/modules/pending/discord_desktop_core-1.zip: 75%
2023-07-15T00:11:45.379Z [Modules] Streaming discord_desktop_core@1 to /home/mightyficus/.config/discord/0.0.28/modules/pending/discord_desktop_core-1.zip: 78%
2023-07-15T00:11:45.380Z [Modules] Streaming discord_desktop_core@1 to /home/mightyficus/.config/discord/0.0.28/modules/pending/discord_desktop_core-1.zip: 81%
2023-07-15T00:11:45.382Z [Modules] Streaming discord_desktop_core@1 to /home/mightyficus/.config/discord/0.0.28/modules/pending/discord_desktop_core-1.zip: 84%
2023-07-15T00:11:45.383Z [Modules] Streaming discord_desktop_core@1 to /home/mightyficus/.config/discord/0.0.28/modules/pending/discord_desktop_core-1.zip: 87%
2023-07-15T00:11:45.384Z [Modules] Streaming discord_desktop_core@1 to /home/mightyficus/.config/discord/0.0.28/modules/pending/discord_desktop_core-1.zip: 90%
2023-07-15T00:11:45.385Z [Modules] Streaming discord_desktop_core@1 to /home/mightyficus/.config/discord/0.0.28/modules/pending/discord_desktop_core-1.zip: 94%
2023-07-15T00:11:45.394Z [Modules] Streaming discord_desktop_core@1 to /home/mightyficus/.config/discord/0.0.28/modules/pending/discord_desktop_core-1.zip: 97%
2023-07-15T00:11:45.394Z [Modules] Streaming discord_desktop_core@1 to /home/mightyficus/.config/discord/0.0.28/modules/pending/discord_desktop_core-1.zip: 99%
2023-07-15T00:11:45.394Z [Modules] Streaming discord_desktop_core@1 to /home/mightyficus/.config/discord/0.0.28/modules/pending/discord_desktop_core-1.zip: 100%
2023-07-15T00:11:45.395Z [Modules] Fetching discord_erlpack@1 from https://discord.com/api/modules/stable/discord_erlpack/1
2023-07-15T00:11:45.395Z [Modules] Streaming discord_erlpack@1 to /home/mightyficus/.config/discord/0.0.28/modules/pending/discord_erlpack-1.zip
2023-07-15T00:11:45.543Z [Modules] Streaming discord_erlpack@1 to /home/mightyficus/.config/discord/0.0.28/modules/pending/discord_erlpack-1.zip: 3%
2023-07-15T00:11:45.545Z [Modules] Streaming discord_erlpack@1 to /home/mightyficus/.config/discord/0.0.28/modules/pending/discord_erlpack-1.zip: 8%
2023-07-15T00:11:45.546Z [Modules] Streaming discord_erlpack@1 to /home/mightyficus/.config/discord/0.0.28/modules/pending/discord_erlpack-1.zip: 12%
2023-07-15T00:11:45.547Z [Modules] Streaming discord_erlpack@1 to /home/mightyficus/.config/discord/0.0.28/modules/pending/discord_erlpack-1.zip: 16%
2023-07-15T00:11:45.548Z [Modules] Streaming discord_erlpack@1 to /home/mightyficus/.config/discord/0.0.28/modules/pending/discord_erlpack-1.zip: 24%
2023-07-15T00:11:45.550Z [Modules] Streaming discord_erlpack@1 to /home/mightyficus/.config/discord/0.0.28/modules/pending/discord_erlpack-1.zip: 27%
2023-07-15T00:11:45.551Z [Modules] Streaming discord_erlpack@1 to /home/mightyficus/.config/discord/0.0.28/modules/pending/discord_erlpack-1.zip: 31%
2023-07-15T00:11:45.552Z [Modules] Streaming discord_erlpack@1 to /home/mightyficus/.config/discord/0.0.28/modules/pending/discord_erlpack-1.zip: 39%
2023-07-15T00:11:45.554Z [Modules] Streaming discord_erlpack@1 to /home/mightyficus/.config/discord/0.0.28/modules/pending/discord_erlpack-1.zip: 47%
2023-07-15T00:11:45.555Z [Modules] Streaming discord_erlpack@1 to /home/mightyficus/.config/discord/0.0.28/modules/pending/discord_erlpack-1.zip: 55%
2023-07-15T00:11:45.556Z [Modules] Streaming discord_erlpack@1 to /home/mightyficus/.config/discord/0.0.28/modules/pending/discord_erlpack-1.zip: 63%
2023-07-15T00:11:45.558Z [Modules] Streaming discord_erlpack@1 to /home/mightyficus/.config/discord/0.0.28/modules/pending/discord_erlpack-1.zip: 67%
2023-07-15T00:11:45.559Z [Modules] Streaming discord_erlpack@1 to /home/mightyficus/.config/discord/0.0.28/modules/pending/discord_erlpack-1.zip: 71%
2023-07-15T00:11:45.561Z [Modules] Streaming discord_erlpack@1 to /home/mightyficus/.config/discord/0.0.28/modules/pending/discord_erlpack-1.zip: 86%
2023-07-15T00:11:45.562Z [Modules] Streaming discord_erlpack@1 to /home/mightyficus/.config/discord/0.0.28/modules/pending/discord_erlpack-1.zip: 94%
2023-07-15T00:11:45.563Z [Modules] Streaming discord_erlpack@1 to /home/mightyficus/.config/discord/0.0.28/modules/pending/discord_erlpack-1.zip: 100%
2023-07-15T00:11:45.566Z [Modules] Fetching discord_spellcheck@1 from https://discord.com/api/modules/stable/discord_spellcheck/1
2023-07-15T00:11:45.566Z [Modules] Streaming discord_spellcheck@1 to /home/mightyficus/.config/discord/0.0.28/modules/pending/discord_spellcheck-1.zip
2023-07-15T00:11:45.725Z [Modules] Streaming discord_spellcheck@1 to /home/mightyficus/.config/discord/0.0.28/modules/pending/discord_spellcheck-1.zip: 1%
2023-07-15T00:11:45.726Z [Modules] Streaming discord_spellcheck@1 to /home/mightyficus/.config/discord/0.0.28/modules/pending/discord_spellcheck-1.zip: 2%
2023-07-15T00:11:45.728Z [Modules] Streaming discord_spellcheck@1 to /home/mightyficus/.config/discord/0.0.28/modules/pending/discord_spellcheck-1.zip: 3%
2023-07-15T00:11:45.729Z [Modules] Streaming discord_spellcheck@1 to /home/mightyficus/.config/discord/0.0.28/modules/pending/discord_spellcheck-1.zip: 4%
2023-07-15T00:11:45.730Z [Modules] Streaming discord_spellcheck@1 to /home/mightyficus/.config/discord/0.0.28/modules/pending/discord_spellcheck-1.zip: 5%
2023-07-15T00:11:45.731Z [Modules] Streaming discord_spellcheck@1 to /home/mightyficus/.config/discord/0.0.28/modules/pending/discord_spellcheck-1.zip: 6%
2023-07-15T00:11:45.731Z [Modules] Streaming discord_spellcheck@1 to /home/mightyficus/.config/discord/0.0.28/modules/pending/discord_spellcheck-1.zip: 7%
2023-07-15T00:11:45.732Z [Modules] Streaming discord_spellcheck@1 to /home/mightyficus/.config/discord/0.0.28/modules/pending/discord_spellcheck-1.zip: 9%
2023-07-15T00:11:45.732Z [Modules] Streaming discord_spellcheck@1 to /home/mightyficus/.config/discord/0.0.28/modules/pending/discord_spellcheck-1.zip: 10%
2023-07-15T00:11:45.732Z [Modules] Streaming discord_spellcheck@1 to /home/mightyficus/.config/discord/0.0.28/modules/pending/discord_spellcheck-1.zip: 11%
2023-07-15T00:11:45.734Z [Modules] Streaming discord_spellcheck@1 to /home/mightyficus/.config/discord/0.0.28/modules/pending/discord_spellcheck-1.zip: 12%
2023-07-15T00:11:45.735Z [Modules] Streaming discord_spellcheck@1 to /home/mightyficus/.config/discord/0.0.28/modules/pending/discord_spellcheck-1.zip: 13%
2023-07-15T00:11:45.736Z [Modules] Streaming discord_spellcheck@1 to /home/mightyficus/.config/discord/0.0.28/modules/pending/discord_spellcheck-1.zip: 14%
2023-07-15T00:11:45.737Z [Modules] Streaming discord_spellcheck@1 to /home/mightyficus/.config/discord/0.0.28/modules/pending/discord_spellcheck-1.zip: 15%
2023-07-15T00:11:45.737Z [Modules] Streaming discord_spellcheck@1 to /home/mightyficus/.config/discord/0.0.28/modules/pending/discord_spellcheck-1.zip: 16%
2023-07-15T00:11:45.738Z [Modules] Streaming discord_spellcheck@1 to /home/mightyficus/.config/discord/0.0.28/modules/pending/discord_spellcheck-1.zip: 17%
2023-07-15T00:11:45.739Z [Modules] Streaming discord_spellcheck@1 to /home/mightyficus/.config/discord/0.0.28/modules/pending/discord_spellcheck-1.zip: 18%
2023-07-15T00:11:45.740Z [Modules] Streaming discord_spellcheck@1 to /home/mightyficus/.config/discord/0.0.28/modules/pending/discord_spellcheck-1.zip: 19%
2023-07-15T00:11:45.741Z [Modules] Streaming discord_spellcheck@1 to /home/mightyficus/.config/discord/0.0.28/modules/pending/discord_spellcheck-1.zip: 20%
2023-07-15T00:11:45.742Z [Modules] Streaming discord_spellcheck@1 to /home/mightyficus/.config/discord/0.0.28/modules/pending/discord_spellcheck-1.zip: 21%
2023-07-15T00:11:45.743Z [Modules] Streaming discord_spellcheck@1 to /home/mightyficus/.config/discord/0.0.28/modules/pending/discord_spellcheck-1.zip: 22%
2023-07-15T00:11:45.744Z [Modules] Streaming discord_spellcheck@1 to /home/mightyficus/.config/discord/0.0.28/modules/pending/discord_spellcheck-1.zip: 23%
2023-07-15T00:11:45.745Z [Modules] Streaming discord_spellcheck@1 to /home/mightyficus/.config/discord/0.0.28/modules/pending/discord_spellcheck-1.zip: 24%
2023-07-15T00:11:45.746Z [Modules] Streaming discord_spellcheck@1 to /home/mightyficus/.config/discord/0.0.28/modules/pending/discord_spellcheck-1.zip: 25%
2023-07-15T00:11:45.746Z [Modules] Streaming discord_spellcheck@1 to /home/mightyficus/.config/discord/0.0.28/modules/pending/discord_spellcheck-1.zip: 26%
2023-07-15T00:11:45.747Z [Modules] Streaming discord_spellcheck@1 to /home/mightyficus/.config/discord/0.0.28/modules/pending/discord_spellcheck-1.zip: 27%
2023-07-15T00:11:45.748Z [Modules] Streaming discord_spellcheck@1 to /home/mightyficus/.config/discord/0.0.28/modules/pending/discord_spellcheck-1.zip: 28%
2023-07-15T00:11:45.749Z [Modules] Streaming discord_spellcheck@1 to /home/mightyficus/.config/discord/0.0.28/modules/pending/discord_spellcheck-1.zip: 29%
2023-07-15T00:11:45.750Z [Modules] Streaming discord_spellcheck@1 to /home/mightyficus/.config/discord/0.0.28/modules/pending/discord_spellcheck-1.zip: 30%
2023-07-15T00:11:45.751Z [Modules] Streaming discord_spellcheck@1 to /home/mightyficus/.config/discord/0.0.28/modules/pending/discord_spellcheck-1.zip: 31%
2023-07-15T00:11:45.752Z [Modules] Streaming discord_spellcheck@1 to /home/mightyficus/.config/discord/0.0.28/modules/pending/discord_spellcheck-1.zip: 32%
2023-07-15T00:11:45.753Z [Modules] Streaming discord_spellcheck@1 to /home/mightyficus/.config/discord/0.0.28/modules/pending/discord_spellcheck-1.zip: 33%
2023-07-15T00:11:45.754Z [Modules] Streaming discord_spellcheck@1 to /home/mightyficus/.config/discord/0.0.28/modules/pending/discord_spellcheck-1.zip: 34%
2023-07-15T00:11:45.754Z [Modules] Streaming discord_spellcheck@1 to /home/mightyficus/.config/discord/0.0.28/modules/pending/discord_spellcheck-1.zip: 35%
2023-07-15T00:11:45.764Z [Modules] Streaming discord_spellcheck@1 to /home/mightyficus/.config/discord/0.0.28/modules/pending/discord_spellcheck-1.zip: 36%
2023-07-15T00:11:45.766Z [Modules] Streaming discord_spellcheck@1 to /home/mightyficus/.config/discord/0.0.28/modules/pending/discord_spellcheck-1.zip: 38%
2023-07-15T00:11:45.771Z [Modules] Streaming discord_spellcheck@1 to /home/mightyficus/.config/discord/0.0.28/modules/pending/discord_spellcheck-1.zip: 39%
2023-07-15T00:11:45.773Z [Modules] Streaming discord_spellcheck@1 to /home/mightyficus/.config/discord/0.0.28/modules/pending/discord_spellcheck-1.zip: 40%
2023-07-15T00:11:45.776Z [Modules] Streaming discord_spellcheck@1 to /home/mightyficus/.config/discord/0.0.28/modules/pending/discord_spellcheck-1.zip: 41%
2023-07-15T00:11:45.777Z [Modules] Streaming discord_spellcheck@1 to /home/mightyficus/.config/discord/0.0.28/modules/pending/discord_spellcheck-1.zip: 42%
2023-07-15T00:11:45.780Z [Modules] Streaming discord_spellcheck@1 to /home/mightyficus/.config/discord/0.0.28/modules/pending/discord_spellcheck-1.zip: 43%
2023-07-15T00:11:45.782Z [Modules] Streaming discord_spellcheck@1 to /home/mightyficus/.config/discord/0.0.28/modules/pending/discord_spellcheck-1.zip: 44%
2023-07-15T00:11:45.784Z [Modules] Streaming discord_spellcheck@1 to /home/mightyficus/.config/discord/0.0.28/modules/pending/discord_spellcheck-1.zip: 45%
2023-07-15T00:11:45.786Z [Modules] Streaming discord_spellcheck@1 to /home/mightyficus/.config/discord/0.0.28/modules/pending/discord_spellcheck-1.zip: 47%
2023-07-15T00:11:45.789Z [Modules] Streaming discord_spellcheck@1 to /home/mightyficus/.config/discord/0.0.28/modules/pending/discord_spellcheck-1.zip: 48%
2023-07-15T00:11:45.790Z [Modules] Streaming discord_spellcheck@1 to /home/mightyficus/.config/discord/0.0.28/modules/pending/discord_spellcheck-1.zip: 49%
2023-07-15T00:11:45.792Z [Modules] Streaming discord_spellcheck@1 to /home/mightyficus/.config/discord/0.0.28/modules/pending/discord_spellcheck-1.zip: 50%
2023-07-15T00:11:45.792Z [Modules] Streaming discord_spellcheck@1 to /home/mightyficus/.config/discord/0.0.28/modules/pending/discord_spellcheck-1.zip: 51%
2023-07-15T00:11:45.793Z [Modules] Streaming discord_spellcheck@1 to /home/mightyficus/.config/discord/0.0.28/modules/pending/discord_spellcheck-1.zip: 52%
2023-07-15T00:11:45.795Z [Modules] Streaming discord_spellcheck@1 to /home/mightyficus/.config/discord/0.0.28/modules/pending/discord_spellcheck-1.zip: 53%
2023-07-15T00:11:45.796Z [Modules] Streaming discord_spellcheck@1 to /home/mightyficus/.config/discord/0.0.28/modules/pending/discord_spellcheck-1.zip: 54%
2023-07-15T00:11:45.797Z [Modules] Streaming discord_spellcheck@1 to /home/mightyficus/.config/discord/0.0.28/modules/pending/discord_spellcheck-1.zip: 55%
2023-07-15T00:11:45.798Z [Modules] Streaming discord_spellcheck@1 to /home/mightyficus/.config/discord/0.0.28/modules/pending/discord_spellcheck-1.zip: 56%
2023-07-15T00:11:45.799Z [Modules] Streaming discord_spellcheck@1 to /home/mightyficus/.config/discord/0.0.28/modules/pending/discord_spellcheck-1.zip: 57%
2023-07-15T00:11:45.800Z [Modules] Streaming discord_spellcheck@1 to /home/mightyficus/.config/discord/0.0.28/modules/pending/discord_spellcheck-1.zip: 58%
2023-07-15T00:11:45.801Z [Modules] Streaming discord_spellcheck@1 to /home/mightyficus/.config/discord/0.0.28/modules/pending/discord_spellcheck-1.zip: 60%
2023-07-15T00:11:45.802Z [Modules] Streaming discord_spellcheck@1 to /home/mightyficus/.config/discord/0.0.28/modules/pending/discord_spellcheck-1.zip: 61%
2023-07-15T00:11:45.802Z [Modules] Streaming discord_spellcheck@1 to /home/mightyficus/.config/discord/0.0.28/modules/pending/discord_spellcheck-1.zip: 62%
2023-07-15T00:11:45.803Z [Modules] Streaming discord_spellcheck@1 to /home/mightyficus/.config/discord/0.0.28/modules/pending/discord_spellcheck-1.zip: 63%
2023-07-15T00:11:45.804Z [Modules] Streaming discord_spellcheck@1 to /home/mightyficus/.config/discord/0.0.28/modules/pending/discord_spellcheck-1.zip: 64%
2023-07-15T00:11:45.805Z [Modules] Streaming discord_spellcheck@1 to /home/mightyficus/.config/discord/0.0.28/modules/pending/discord_spellcheck-1.zip: 65%
2023-07-15T00:11:45.805Z [Modules] Streaming discord_spellcheck@1 to /home/mightyficus/.config/discord/0.0.28/modules/pending/discord_spellcheck-1.zip: 66%
2023-07-15T00:11:45.806Z [Modules] Streaming discord_spellcheck@1 to /home/mightyficus/.config/discord/0.0.28/modules/pending/discord_spellcheck-1.zip: 67%
2023-07-15T00:11:45.807Z [Modules] Streaming discord_spellcheck@1 to /home/mightyficus/.config/discord/0.0.28/modules/pending/discord_spellcheck-1.zip: 69%
2023-07-15T00:11:45.807Z [Modules] Streaming discord_spellcheck@1 to /home/mightyficus/.config/discord/0.0.28/modules/pending/discord_spellcheck-1.zip: 70%
2023-07-15T00:11:45.808Z [Modules] Streaming discord_spellcheck@1 to /home/mightyficus/.config/discord/0.0.28/modules/pending/discord_spellcheck-1.zip: 71%
2023-07-15T00:11:45.808Z [Modules] Streaming discord_spellcheck@1 to /home/mightyficus/.config/discord/0.0.28/modules/pending/discord_spellcheck-1.zip: 73%
2023-07-15T00:11:45.809Z [Modules] Streaming discord_spellcheck@1 to /home/mightyficus/.config/discord/0.0.28/modules/pending/discord_spellcheck-1.zip: 74%
2023-07-15T00:11:45.809Z [Modules] Streaming discord_spellcheck@1 to /home/mightyficus/.config/discord/0.0.28/modules/pending/discord_spellcheck-1.zip: 75%
2023-07-15T00:11:45.809Z [Modules] Streaming discord_spellcheck@1 to /home/mightyficus/.config/discord/0.0.28/modules/pending/discord_spellcheck-1.zip: 76%
2023-07-15T00:11:45.810Z [Modules] Streaming discord_spellcheck@1 to /home/mightyficus/.config/discord/0.0.28/modules/pending/discord_spellcheck-1.zip: 77%
2023-07-15T00:11:45.810Z [Modules] Streaming discord_spellcheck@1 to /home/mightyficus/.config/discord/0.0.28/modules/pending/discord_spellcheck-1.zip: 78%
2023-07-15T00:11:45.810Z [Modules] Streaming discord_spellcheck@1 to /home/mightyficus/.config/discord/0.0.28/modules/pending/discord_spellcheck-1.zip: 79%
2023-07-15T00:11:45.811Z [Modules] Streaming discord_spellcheck@1 to /home/mightyficus/.config/discord/0.0.28/modules/pending/discord_spellcheck-1.zip: 80%
2023-07-15T00:11:45.811Z [Modules] Streaming discord_spellcheck@1 to /home/mightyficus/.config/discord/0.0.28/modules/pending/discord_spellcheck-1.zip: 81%
2023-07-15T00:11:45.812Z [Modules] Streaming discord_spellcheck@1 to /home/mightyficus/.config/discord/0.0.28/modules/pending/discord_spellcheck-1.zip: 82%
2023-07-15T00:11:45.813Z [Modules] Streaming discord_spellcheck@1 to /home/mightyficus/.config/discord/0.0.28/modules/pending/discord_spellcheck-1.zip: 83%
2023-07-15T00:11:45.814Z [Modules] Streaming discord_spellcheck@1 to /home/mightyficus/.config/discord/0.0.28/modules/pending/discord_spellcheck-1.zip: 84%
2023-07-15T00:11:45.815Z [Modules] Streaming discord_spellcheck@1 to /home/mightyficus/.config/discord/0.0.28/modules/pending/discord_spellcheck-1.zip: 85%
2023-07-15T00:11:45.816Z [Modules] Streaming discord_spellcheck@1 to /home/mightyficus/.config/discord/0.0.28/modules/pending/discord_spellcheck-1.zip: 86%
2023-07-15T00:11:45.817Z [Modules] Streaming discord_spellcheck@1 to /home/mightyficus/.config/discord/0.0.28/modules/pending/discord_spellcheck-1.zip: 87%
2023-07-15T00:11:45.818Z [Modules] Streaming discord_spellcheck@1 to /home/mightyficus/.config/discord/0.0.28/modules/pending/discord_spellcheck-1.zip: 88%
2023-07-15T00:11:45.819Z [Modules] Streaming discord_spellcheck@1 to /home/mightyficus/.config/discord/0.0.28/modules/pending/discord_spellcheck-1.zip: 89%
2023-07-15T00:11:45.820Z [Modules] Streaming discord_spellcheck@1 to /home/mightyficus/.config/discord/0.0.28/modules/pending/discord_spellcheck-1.zip: 90%
2023-07-15T00:11:45.821Z [Modules] Streaming discord_spellcheck@1 to /home/mightyficus/.config/discord/0.0.28/modules/pending/discord_spellcheck-1.zip: 91%
2023-07-15T00:11:45.822Z [Modules] Streaming discord_spellcheck@1 to /home/mightyficus/.config/discord/0.0.28/modules/pending/discord_spellcheck-1.zip: 92%
2023-07-15T00:11:45.824Z [Modules] Streaming discord_spellcheck@1 to /home/mightyficus/.config/discord/0.0.28/modules/pending/discord_spellcheck-1.zip: 93%
2023-07-15T00:11:45.828Z [Modules] Streaming discord_spellcheck@1 to /home/mightyficus/.config/discord/0.0.28/modules/pending/discord_spellcheck-1.zip: 94%
2023-07-15T00:11:45.829Z [Modules] Streaming discord_spellcheck@1 to /home/mightyficus/.config/discord/0.0.28/modules/pending/discord_spellcheck-1.zip: 95%
2023-07-15T00:11:45.834Z [Modules] Streaming discord_spellcheck@1 to /home/mightyficus/.config/discord/0.0.28/modules/pending/discord_spellcheck-1.zip: 96%
2023-07-15T00:11:45.834Z [Modules] Streaming discord_spellcheck@1 to /home/mightyficus/.config/discord/0.0.28/modules/pending/discord_spellcheck-1.zip: 97%
2023-07-15T00:11:45.835Z [Modules] Streaming discord_spellcheck@1 to /home/mightyficus/.config/discord/0.0.28/modules/pending/discord_spellcheck-1.zip: 98%
2023-07-15T00:11:45.836Z [Modules] Streaming discord_spellcheck@1 to /home/mightyficus/.config/discord/0.0.28/modules/pending/discord_spellcheck-1.zip: 99%
2023-07-15T00:11:45.837Z [Modules] Streaming discord_spellcheck@1 to /home/mightyficus/.config/discord/0.0.28/modules/pending/discord_spellcheck-1.zip: 100%
2023-07-15T00:11:45.838Z [Modules] Fetching discord_utils@1 from https://discord.com/api/modules/stable/discord_utils/1
2023-07-15T00:11:45.838Z [Modules] Streaming discord_utils@1 to /home/mightyficus/.config/discord/0.0.28/modules/pending/discord_utils-1.zip
2023-07-15T00:11:45.986Z [Modules] Streaming discord_utils@1 to /home/mightyficus/.config/discord/0.0.28/modules/pending/discord_utils-1.zip: 2%
2023-07-15T00:11:45.987Z [Modules] Streaming discord_utils@1 to /home/mightyficus/.config/discord/0.0.28/modules/pending/discord_utils-1.zip: 4%
2023-07-15T00:11:45.988Z [Modules] Streaming discord_utils@1 to /home/mightyficus/.config/discord/0.0.28/modules/pending/discord_utils-1.zip: 7%
2023-07-15T00:11:45.989Z [Modules] Streaming discord_utils@1 to /home/mightyficus/.config/discord/0.0.28/modules/pending/discord_utils-1.zip: 9%
2023-07-15T00:11:45.991Z [Modules] Streaming discord_utils@1 to /home/mightyficus/.config/discord/0.0.28/modules/pending/discord_utils-1.zip: 13%
2023-07-15T00:11:45.992Z [Modules] Streaming discord_utils@1 to /home/mightyficus/.config/discord/0.0.28/modules/pending/discord_utils-1.zip: 15%
2023-07-15T00:11:45.993Z [Modules] Streaming discord_utils@1 to /home/mightyficus/.config/discord/0.0.28/modules/pending/discord_utils-1.zip: 17%
2023-07-15T00:11:45.995Z [Modules] Streaming discord_utils@1 to /home/mightyficus/.config/discord/0.0.28/modules/pending/discord_utils-1.zip: 22%
2023-07-15T00:11:45.996Z [Modules] Streaming discord_utils@1 to /home/mightyficus/.config/discord/0.0.28/modules/pending/discord_utils-1.zip: 26%
2023-07-15T00:11:45.998Z [Modules] Streaming discord_utils@1 to /home/mightyficus/.config/discord/0.0.28/modules/pending/discord_utils-1.zip: 28%
2023-07-15T00:11:45.999Z [Modules] Streaming discord_utils@1 to /home/mightyficus/.config/discord/0.0.28/modules/pending/discord_utils-1.zip: 31%
2023-07-15T00:11:46.000Z [Modules] Streaming discord_utils@1 to /home/mightyficus/.config/discord/0.0.28/modules/pending/discord_utils-1.zip: 35%
2023-07-15T00:11:46.001Z [Modules] Streaming discord_utils@1 to /home/mightyficus/.config/discord/0.0.28/modules/pending/discord_utils-1.zip: 39%
2023-07-15T00:11:46.002Z [Modules] Streaming discord_utils@1 to /home/mightyficus/.config/discord/0.0.28/modules/pending/discord_utils-1.zip: 41%
2023-07-15T00:11:46.003Z [Modules] Streaming discord_utils@1 to /home/mightyficus/.config/discord/0.0.28/modules/pending/discord_utils-1.zip: 44%
2023-07-15T00:11:46.005Z [Modules] Streaming discord_utils@1 to /home/mightyficus/.config/discord/0.0.28/modules/pending/discord_utils-1.zip: 48%
2023-07-15T00:11:46.006Z [Modules] Streaming discord_utils@1 to /home/mightyficus/.config/discord/0.0.28/modules/pending/discord_utils-1.zip: 52%
2023-07-15T00:11:46.007Z [Modules] Streaming discord_utils@1 to /home/mightyficus/.config/discord/0.0.28/modules/pending/discord_utils-1.zip: 55%
2023-07-15T00:11:46.008Z [Modules] Streaming discord_utils@1 to /home/mightyficus/.config/discord/0.0.28/modules/pending/discord_utils-1.zip: 57%
2023-07-15T00:11:46.009Z [Modules] Streaming discord_utils@1 to /home/mightyficus/.config/discord/0.0.28/modules/pending/discord_utils-1.zip: 61%
2023-07-15T00:11:46.011Z [Modules] Streaming discord_utils@1 to /home/mightyficus/.config/discord/0.0.28/modules/pending/discord_utils-1.zip: 65%
2023-07-15T00:11:46.012Z [Modules] Streaming discord_utils@1 to /home/mightyficus/.config/discord/0.0.28/modules/pending/discord_utils-1.zip: 69%
2023-07-15T00:11:46.013Z [Modules] Streaming discord_utils@1 to /home/mightyficus/.config/discord/0.0.28/modules/pending/discord_utils-1.zip: 74%
2023-07-15T00:11:46.014Z [Modules] Streaming discord_utils@1 to /home/mightyficus/.config/discord/0.0.28/modules/pending/discord_utils-1.zip: 78%
2023-07-15T00:11:46.015Z [Modules] Streaming discord_utils@1 to /home/mightyficus/.config/discord/0.0.28/modules/pending/discord_utils-1.zip: 82%
2023-07-15T00:11:46.016Z [Modules] Streaming discord_utils@1 to /home/mightyficus/.config/discord/0.0.28/modules/pending/discord_utils-1.zip: 87%
2023-07-15T00:11:46.017Z [Modules] Streaming discord_utils@1 to /home/mightyficus/.config/discord/0.0.28/modules/pending/discord_utils-1.zip: 91%
2023-07-15T00:11:46.018Z [Modules] Streaming discord_utils@1 to /home/mightyficus/.config/discord/0.0.28/modules/pending/discord_utils-1.zip: 95%
2023-07-15T00:11:46.031Z [Modules] Streaming discord_utils@1 to /home/mightyficus/.config/discord/0.0.28/modules/pending/discord_utils-1.zip: 100%
2023-07-15T00:11:46.033Z [Modules] Fetching discord_voice@1 from https://discord.com/api/modules/stable/discord_voice/1
2023-07-15T00:11:46.034Z [Modules] Streaming discord_voice@1 to /home/mightyficus/.config/discord/0.0.28/modules/pending/discord_voice-1.zip
2023-07-15T00:11:46.210Z [Modules] Streaming discord_voice@1 to /home/mightyficus/.config/discord/0.0.28/modules/pending/discord_voice-1.zip: 1%
2023-07-15T00:11:46.215Z [Modules] Streaming discord_voice@1 to /home/mightyficus/.config/discord/0.0.28/modules/pending/discord_voice-1.zip: 2%
2023-07-15T00:11:46.218Z [Modules] Streaming discord_voice@1 to /home/mightyficus/.config/discord/0.0.28/modules/pending/discord_voice-1.zip: 3%
2023-07-15T00:11:46.222Z [Modules] Streaming discord_voice@1 to /home/mightyficus/.config/discord/0.0.28/modules/pending/discord_voice-1.zip: 4%
2023-07-15T00:11:46.225Z [Modules] Streaming discord_voice@1 to /home/mightyficus/.config/discord/0.0.28/modules/pending/discord_voice-1.zip: 5%
2023-07-15T00:11:46.228Z [Modules] Streaming discord_voice@1 to /home/mightyficus/.config/discord/0.0.28/modules/pending/discord_voice-1.zip: 6%
2023-07-15T00:11:46.231Z [Modules] Streaming discord_voice@1 to /home/mightyficus/.config/discord/0.0.28/modules/pending/discord_voice-1.zip: 7%
2023-07-15T00:11:46.232Z [Modules] Streaming discord_voice@1 to /home/mightyficus/.config/discord/0.0.28/modules/pending/discord_voice-1.zip: 8%
2023-07-15T00:11:46.234Z [Modules] Streaming discord_voice@1 to /home/mightyficus/.config/discord/0.0.28/modules/pending/discord_voice-1.zip: 9%
2023-07-15T00:11:46.234Z [Modules] Streaming discord_voice@1 to /home/mightyficus/.config/discord/0.0.28/modules/pending/discord_voice-1.zip: 10%
2023-07-15T00:11:46.236Z [Modules] Streaming discord_voice@1 to /home/mightyficus/.config/discord/0.0.28/modules/pending/discord_voice-1.zip: 11%
2023-07-15T00:11:46.237Z [Modules] Streaming discord_voice@1 to /home/mightyficus/.config/discord/0.0.28/modules/pending/discord_voice-1.zip: 12%
2023-07-15T00:11:46.237Z [Modules] Streaming discord_voice@1 to /home/mightyficus/.config/discord/0.0.28/modules/pending/discord_voice-1.zip: 13%
2023-07-15T00:11:46.240Z [Modules] Streaming discord_voice@1 to /home/mightyficus/.config/discord/0.0.28/modules/pending/discord_voice-1.zip: 14%
2023-07-15T00:11:46.240Z [Modules] Streaming discord_voice@1 to /home/mightyficus/.config/discord/0.0.28/modules/pending/discord_voice-1.zip: 15%
2023-07-15T00:11:46.241Z [Modules] Streaming discord_voice@1 to /home/mightyficus/.config/discord/0.0.28/modules/pending/discord_voice-1.zip: 16%
2023-07-15T00:11:46.243Z [Modules] Streaming discord_voice@1 to /home/mightyficus/.config/discord/0.0.28/modules/pending/discord_voice-1.zip: 17%
2023-07-15T00:11:46.243Z [Modules] Streaming discord_voice@1 to /home/mightyficus/.config/discord/0.0.28/modules/pending/discord_voice-1.zip: 18%
2023-07-15T00:11:46.244Z [Modules] Streaming discord_voice@1 to /home/mightyficus/.config/discord/0.0.28/modules/pending/discord_voice-1.zip: 19%
2023-07-15T00:11:46.245Z [Modules] Streaming discord_voice@1 to /home/mightyficus/.config/discord/0.0.28/modules/pending/discord_voice-1.zip: 20%
2023-07-15T00:11:46.245Z [Modules] Streaming discord_voice@1 to /home/mightyficus/.config/discord/0.0.28/modules/pending/discord_voice-1.zip: 21%
2023-07-15T00:11:46.247Z [Modules] Streaming discord_voice@1 to /home/mightyficus/.config/discord/0.0.28/modules/pending/discord_voice-1.zip: 22%
2023-07-15T00:11:46.249Z [Modules] Streaming discord_voice@1 to /home/mightyficus/.config/discord/0.0.28/modules/pending/discord_voice-1.zip: 23%
2023-07-15T00:11:46.252Z [Modules] Streaming discord_voice@1 to /home/mightyficus/.config/discord/0.0.28/modules/pending/discord_voice-1.zip: 24%
2023-07-15T00:11:46.255Z [Modules] Streaming discord_voice@1 to /home/mightyficus/.config/discord/0.0.28/modules/pending/discord_voice-1.zip: 25%
2023-07-15T00:11:46.256Z [Modules] Streaming discord_voice@1 to /home/mightyficus/.config/discord/0.0.28/modules/pending/discord_voice-1.zip: 26%
2023-07-15T00:11:46.258Z [Modules] Streaming discord_voice@1 to /home/mightyficus/.config/discord/0.0.28/modules/pending/discord_voice-1.zip: 27%
2023-07-15T00:11:46.263Z [Modules] Streaming discord_voice@1 to /home/mightyficus/.config/discord/0.0.28/modules/pending/discord_voice-1.zip: 28%
2023-07-15T00:11:46.265Z [Modules] Streaming discord_voice@1 to /home/mightyficus/.config/discord/0.0.28/modules/pending/discord_voice-1.zip: 29%
2023-07-15T00:11:46.267Z [Modules] Streaming discord_voice@1 to /home/mightyficus/.config/discord/0.0.28/modules/pending/discord_voice-1.zip: 30%
2023-07-15T00:11:46.269Z [Modules] Streaming discord_voice@1 to /home/mightyficus/.config/discord/0.0.28/modules/pending/discord_voice-1.zip: 31%
2023-07-15T00:11:46.271Z [Modules] Streaming discord_voice@1 to /home/mightyficus/.config/discord/0.0.28/modules/pending/discord_voice-1.zip: 32%
2023-07-15T00:11:46.272Z [Modules] Streaming discord_voice@1 to /home/mightyficus/.config/discord/0.0.28/modules/pending/discord_voice-1.zip: 33%
2023-07-15T00:11:46.274Z [Modules] Streaming discord_voice@1 to /home/mightyficus/.config/discord/0.0.28/modules/pending/discord_voice-1.zip: 34%
2023-07-15T00:11:46.276Z [Modules] Streaming discord_voice@1 to /home/mightyficus/.config/discord/0.0.28/modules/pending/discord_voice-1.zip: 35%
2023-07-15T00:11:46.278Z [Modules] Streaming discord_voice@1 to /home/mightyficus/.config/discord/0.0.28/modules/pending/discord_voice-1.zip: 36%
2023-07-15T00:11:46.279Z [Modules] Streaming discord_voice@1 to /home/mightyficus/.config/discord/0.0.28/modules/pending/discord_voice-1.zip: 37%
2023-07-15T00:11:46.282Z [Modules] Streaming discord_voice@1 to /home/mightyficus/.config/discord/0.0.28/modules/pending/discord_voice-1.zip: 38%
2023-07-15T00:11:46.288Z [Modules] Streaming discord_voice@1 to /home/mightyficus/.config/discord/0.0.28/modules/pending/discord_voice-1.zip: 39%
2023-07-15T00:11:46.290Z [Modules] Streaming discord_voice@1 to /home/mightyficus/.config/discord/0.0.28/modules/pending/discord_voice-1.zip: 40%
2023-07-15T00:11:46.327Z [Modules] Streaming discord_voice@1 to /home/mightyficus/.config/discord/0.0.28/modules/pending/discord_voice-1.zip: 41%
2023-07-15T00:11:46.327Z [Modules] Streaming discord_voice@1 to /home/mightyficus/.config/discord/0.0.28/modules/pending/discord_voice-1.zip: 42%
2023-07-15T00:11:46.328Z [Modules] Streaming discord_voice@1 to /home/mightyficus/.config/discord/0.0.28/modules/pending/discord_voice-1.zip: 43%
2023-07-15T00:11:46.328Z [Modules] Streaming discord_voice@1 to /home/mightyficus/.config/discord/0.0.28/modules/pending/discord_voice-1.zip: 44%
2023-07-15T00:11:46.329Z [Modules] Streaming discord_voice@1 to /home/mightyficus/.config/discord/0.0.28/modules/pending/discord_voice-1.zip: 45%
2023-07-15T00:11:46.329Z [Modules] Streaming discord_voice@1 to /home/mightyficus/.config/discord/0.0.28/modules/pending/discord_voice-1.zip: 46%
2023-07-15T00:11:46.330Z [Modules] Streaming discord_voice@1 to /home/mightyficus/.config/discord/0.0.28/modules/pending/discord_voice-1.zip: 47%
2023-07-15T00:11:46.334Z [Modules] Streaming discord_voice@1 to /home/mightyficus/.config/discord/0.0.28/modules/pending/discord_voice-1.zip: 48%
2023-07-15T00:11:46.335Z [Modules] Streaming discord_voice@1 to /home/mightyficus/.config/discord/0.0.28/modules/pending/discord_voice-1.zip: 49%
2023-07-15T00:11:46.335Z [Modules] Streaming discord_voice@1 to /home/mightyficus/.config/discord/0.0.28/modules/pending/discord_voice-1.zip: 50%
2023-07-15T00:11:46.336Z [Modules] Streaming discord_voice@1 to /home/mightyficus/.config/discord/0.0.28/modules/pending/discord_voice-1.zip: 51%
2023-07-15T00:11:46.336Z [Modules] Streaming discord_voice@1 to /home/mightyficus/.config/discord/0.0.28/modules/pending/discord_voice-1.zip: 52%
2023-07-15T00:11:46.337Z [Modules] Streaming discord_voice@1 to /home/mightyficus/.config/discord/0.0.28/modules/pending/discord_voice-1.zip: 53%
2023-07-15T00:11:46.337Z [Modules] Streaming discord_voice@1 to /home/mightyficus/.config/discord/0.0.28/modules/pending/discord_voice-1.zip: 54%
2023-07-15T00:11:46.337Z [Modules] Streaming discord_voice@1 to /home/mightyficus/.config/discord/0.0.28/modules/pending/discord_voice-1.zip: 55%
2023-07-15T00:11:46.355Z [Modules] Streaming discord_voice@1 to /home/mightyficus/.config/discord/0.0.28/modules/pending/discord_voice-1.zip: 56%
2023-07-15T00:11:46.363Z [Modules] Streaming discord_voice@1 to /home/mightyficus/.config/discord/0.0.28/modules/pending/discord_voice-1.zip: 58%
2023-07-15T00:11:46.363Z [Modules] Streaming discord_voice@1 to /home/mightyficus/.config/discord/0.0.28/modules/pending/discord_voice-1.zip: 59%
2023-07-15T00:11:46.365Z [Modules] Streaming discord_voice@1 to /home/mightyficus/.config/discord/0.0.28/modules/pending/discord_voice-1.zip: 60%
2023-07-15T00:11:46.367Z [Modules] Streaming discord_voice@1 to /home/mightyficus/.config/discord/0.0.28/modules/pending/discord_voice-1.zip: 61%
2023-07-15T00:11:46.369Z [Modules] Streaming discord_voice@1 to /home/mightyficus/.config/discord/0.0.28/modules/pending/discord_voice-1.zip: 62%
2023-07-15T00:11:46.371Z [Modules] Streaming discord_voice@1 to /home/mightyficus/.config/discord/0.0.28/modules/pending/discord_voice-1.zip: 63%
2023-07-15T00:11:46.372Z [Modules] Streaming discord_voice@1 to /home/mightyficus/.config/discord/0.0.28/modules/pending/discord_voice-1.zip: 64%
2023-07-15T00:11:46.374Z [Modules] Streaming discord_voice@1 to /home/mightyficus/.config/discord/0.0.28/modules/pending/discord_voice-1.zip: 65%
2023-07-15T00:11:46.380Z [Modules] Streaming discord_voice@1 to /home/mightyficus/.config/discord/0.0.28/modules/pending/discord_voice-1.zip: 66%
2023-07-15T00:11:46.382Z [Modules] Streaming discord_voice@1 to /home/mightyficus/.config/discord/0.0.28/modules/pending/discord_voice-1.zip: 67%
2023-07-15T00:11:46.385Z [Modules] Streaming discord_voice@1 to /home/mightyficus/.config/discord/0.0.28/modules/pending/discord_voice-1.zip: 68%
2023-07-15T00:11:46.386Z [Modules] Streaming discord_voice@1 to /home/mightyficus/.config/discord/0.0.28/modules/pending/discord_voice-1.zip: 69%
2023-07-15T00:11:46.388Z [Modules] Streaming discord_voice@1 to /home/mightyficus/.config/discord/0.0.28/modules/pending/discord_voice-1.zip: 70%
2023-07-15T00:11:46.390Z [Modules] Streaming discord_voice@1 to /home/mightyficus/.config/discord/0.0.28/modules/pending/discord_voice-1.zip: 71%
2023-07-15T00:11:46.392Z [Modules] Streaming discord_voice@1 to /home/mightyficus/.config/discord/0.0.28/modules/pending/discord_voice-1.zip: 72%
2023-07-15T00:11:46.393Z [Modules] Streaming discord_voice@1 to /home/mightyficus/.config/discord/0.0.28/modules/pending/discord_voice-1.zip: 73%
2023-07-15T00:11:46.396Z [Modules] Streaming discord_voice@1 to /home/mightyficus/.config/discord/0.0.28/modules/pending/discord_voice-1.zip: 74%
2023-07-15T00:11:46.397Z [Modules] Streaming discord_voice@1 to /home/mightyficus/.config/discord/0.0.28/modules/pending/discord_voice-1.zip: 75%
2023-07-15T00:11:46.399Z [Modules] Streaming discord_voice@1 to /home/mightyficus/.config/discord/0.0.28/modules/pending/discord_voice-1.zip: 76%
2023-07-15T00:11:46.401Z [Modules] Streaming discord_voice@1 to /home/mightyficus/.config/discord/0.0.28/modules/pending/discord_voice-1.zip: 77%
2023-07-15T00:11:46.402Z [Modules] Streaming discord_voice@1 to /home/mightyficus/.config/discord/0.0.28/modules/pending/discord_voice-1.zip: 78%
2023-07-15T00:11:46.404Z [Modules] Streaming discord_voice@1 to /home/mightyficus/.config/discord/0.0.28/modules/pending/discord_voice-1.zip: 79%
2023-07-15T00:11:46.406Z [Modules] Streaming discord_voice@1 to /home/mightyficus/.config/discord/0.0.28/modules/pending/discord_voice-1.zip: 80%
2023-07-15T00:11:46.408Z [Modules] Streaming discord_voice@1 to /home/mightyficus/.config/discord/0.0.28/modules/pending/discord_voice-1.zip: 81%
2023-07-15T00:11:46.410Z [Modules] Streaming discord_voice@1 to /home/mightyficus/.config/discord/0.0.28/modules/pending/discord_voice-1.zip: 82%
2023-07-15T00:11:46.412Z [Modules] Streaming discord_voice@1 to /home/mightyficus/.config/discord/0.0.28/modules/pending/discord_voice-1.zip: 83%
2023-07-15T00:11:46.413Z [Modules] Streaming discord_voice@1 to /home/mightyficus/.config/discord/0.0.28/modules/pending/discord_voice-1.zip: 84%
2023-07-15T00:11:46.423Z [Modules] Streaming discord_voice@1 to /home/mightyficus/.config/discord/0.0.28/modules/pending/discord_voice-1.zip: 85%
2023-07-15T00:11:46.424Z [Modules] Streaming discord_voice@1 to /home/mightyficus/.config/discord/0.0.28/modules/pending/discord_voice-1.zip: 86%
2023-07-15T00:11:46.426Z [Modules] Streaming discord_voice@1 to /home/mightyficus/.config/discord/0.0.28/modules/pending/discord_voice-1.zip: 87%
2023-07-15T00:11:46.428Z [Modules] Streaming discord_voice@1 to /home/mightyficus/.config/discord/0.0.28/modules/pending/discord_voice-1.zip: 88%
2023-07-15T00:11:46.430Z [Modules] Streaming discord_voice@1 to /home/mightyficus/.config/discord/0.0.28/modules/pending/discord_voice-1.zip: 89%
2023-07-15T00:11:46.432Z [Modules] Streaming discord_voice@1 to /home/mightyficus/.config/discord/0.0.28/modules/pending/discord_voice-1.zip: 90%
2023-07-15T00:11:46.433Z [Modules] Streaming discord_voice@1 to /home/mightyficus/.config/discord/0.0.28/modules/pending/discord_voice-1.zip: 91%
2023-07-15T00:11:46.436Z [Modules] Streaming discord_voice@1 to /home/mightyficus/.config/discord/0.0.28/modules/pending/discord_voice-1.zip: 92%
2023-07-15T00:11:46.437Z [Modules] Streaming discord_voice@1 to /home/mightyficus/.config/discord/0.0.28/modules/pending/discord_voice-1.zip: 93%
2023-07-15T00:11:46.439Z [Modules] Streaming discord_voice@1 to /home/mightyficus/.config/discord/0.0.28/modules/pending/discord_voice-1.zip: 94%
2023-07-15T00:11:46.441Z [Modules] Streaming discord_voice@1 to /home/mightyficus/.config/discord/0.0.28/modules/pending/discord_voice-1.zip: 95%
2023-07-15T00:11:46.443Z [Modules] Streaming discord_voice@1 to /home/mightyficus/.config/discord/0.0.28/modules/pending/discord_voice-1.zip: 96%
2023-07-15T00:11:46.445Z [Modules] Streaming discord_voice@1 to /home/mightyficus/.config/discord/0.0.28/modules/pending/discord_voice-1.zip: 97%
2023-07-15T00:11:46.447Z [Modules] Streaming discord_voice@1 to /home/mightyficus/.config/discord/0.0.28/modules/pending/discord_voice-1.zip: 98%
2023-07-15T00:11:46.449Z [Modules] Streaming discord_voice@1 to /home/mightyficus/.config/discord/0.0.28/modules/pending/discord_voice-1.zip: 99%
2023-07-15T00:11:46.451Z [Modules] Streaming discord_voice@1 to /home/mightyficus/.config/discord/0.0.28/modules/pending/discord_voice-1.zip: 100%
2023-07-15T00:11:46.452Z [Modules] Finished module downloads. [success: 5] [failure: 0]
2023-07-15T00:11:46.452Z [Modules] Installing updates...
2023-07-15T00:11:46.452Z [Modules] Installing discord_desktop_core@1 from /home/mightyficus/.config/discord/0.0.28/modules/pending/discord_desktop_core-1.zip
2023-07-15T00:11:46.513Z [Modules] Installing discord_erlpack@1 from /home/mightyficus/.config/discord/0.0.28/modules/pending/discord_erlpack-1.zip
2023-07-15T00:11:46.547Z [Modules] Installing discord_spellcheck@1 from /home/mightyficus/.config/discord/0.0.28/modules/pending/discord_spellcheck-1.zip
2023-07-15T00:11:46.932Z [Modules] Installing discord_utils@1 from /home/mightyficus/.config/discord/0.0.28/modules/pending/discord_utils-1.zip
2023-07-15T00:11:47.139Z [Modules] Installing discord_voice@1 from /home/mightyficus/.config/discord/0.0.28/modules/pending/discord_voice-1.zip
2023-07-15T00:11:47.614Z [Modules] Finished module installations. [success: 5] [failure: 0]
2023-07-15T00:11:47.615Z [Modules] Checking for host updates.
2023-07-15T00:11:47.737Z [Modules] Host is up to date.
2023-07-15T00:11:47.737Z [Modules] Checking for module updates at https://discord.com/api/modules/stable/versions.json
2023-07-15T00:11:47.747Z [Modules] No module updates available.
2023-07-15T00:11:49.008Z [Modules] Starting to install discord_krisp...
2023-07-15T00:11:49.008Z [Modules] Fetching discord_krisp@1 from https://discord.com/api/modules/stable/discord_krisp/1
2023-07-15T00:11:49.008Z [Modules] Streaming discord_krisp@1 to /home/mightyficus/.config/discord/0.0.28/modules/pending/discord_krisp-1.zip
2023-07-15T00:11:49.019Z [Modules] Starting to install discord_game_utils...
2023-07-15T00:11:49.212Z [Modules] Streaming discord_krisp@1 to /home/mightyficus/.config/discord/0.0.28/modules/pending/discord_krisp-1.zip: 1%
2023-07-15T00:11:49.290Z [Modules] Streaming discord_krisp@1 to /home/mightyficus/.config/discord/0.0.28/modules/pending/discord_krisp-1.zip: 2%
2023-07-15T00:11:49.305Z [Modules] Streaming discord_krisp@1 to /home/mightyficus/.config/discord/0.0.28/modules/pending/discord_krisp-1.zip: 3%
2023-07-15T00:11:49.313Z [Modules] Streaming discord_krisp@1 to /home/mightyficus/.config/discord/0.0.28/modules/pending/discord_krisp-1.zip: 4%
2023-07-15T00:11:49.319Z [Modules] Streaming discord_krisp@1 to /home/mightyficus/.config/discord/0.0.28/modules/pending/discord_krisp-1.zip: 5%
2023-07-15T00:11:49.325Z [Modules] Streaming discord_krisp@1 to /home/mightyficus/.config/discord/0.0.28/modules/pending/discord_krisp-1.zip: 6%
2023-07-15T00:11:49.329Z [Modules] Streaming discord_krisp@1 to /home/mightyficus/.config/discord/0.0.28/modules/pending/discord_krisp-1.zip: 7%
2023-07-15T00:11:49.333Z [Modules] Streaming discord_krisp@1 to /home/mightyficus/.config/discord/0.0.28/modules/pending/discord_krisp-1.zip: 8%
2023-07-15T00:11:49.337Z [Modules] Streaming discord_krisp@1 to /home/mightyficus/.config/discord/0.0.28/modules/pending/discord_krisp-1.zip: 9%
2023-07-15T00:11:49.340Z [Modules] Streaming discord_krisp@1 to /home/mightyficus/.config/discord/0.0.28/modules/pending/discord_krisp-1.zip: 10%
2023-07-15T00:11:49.344Z [Modules] Streaming discord_krisp@1 to /home/mightyficus/.config/discord/0.0.28/modules/pending/discord_krisp-1.zip: 11%
2023-07-15T00:11:49.349Z [Modules] Streaming discord_krisp@1 to /home/mightyficus/.config/discord/0.0.28/modules/pending/discord_krisp-1.zip: 12%
2023-07-15T00:11:49.352Z [Modules] Streaming discord_krisp@1 to /home/mightyficus/.config/discord/0.0.28/modules/pending/discord_krisp-1.zip: 13%
2023-07-15T00:11:49.355Z [Modules] Streaming discord_krisp@1 to /home/mightyficus/.config/discord/0.0.28/modules/pending/discord_krisp-1.zip: 14%
2023-07-15T00:11:49.358Z [Modules] Streaming discord_krisp@1 to /home/mightyficus/.config/discord/0.0.28/modules/pending/discord_krisp-1.zip: 15%
2023-07-15T00:11:49.361Z [Modules] Streaming discord_krisp@1 to /home/mightyficus/.config/discord/0.0.28/modules/pending/discord_krisp-1.zip: 16%
2023-07-15T00:11:49.364Z [Modules] Streaming discord_krisp@1 to /home/mightyficus/.config/discord/0.0.28/modules/pending/discord_krisp-1.zip: 17%
2023-07-15T00:11:49.365Z [Modules] Streaming discord_krisp@1 to /home/mightyficus/.config/discord/0.0.28/modules/pending/discord_krisp-1.zip: 18%
2023-07-15T00:11:49.365Z [Modules] Streaming discord_krisp@1 to /home/mightyficus/.config/discord/0.0.28/modules/pending/discord_krisp-1.zip: 19%
2023-07-15T00:11:49.366Z [Modules] Streaming discord_krisp@1 to /home/mightyficus/.config/discord/0.0.28/modules/pending/discord_krisp-1.zip: 20%
2023-07-15T00:11:49.366Z [Modules] Streaming discord_krisp@1 to /home/mightyficus/.config/discord/0.0.28/modules/pending/discord_krisp-1.zip: 21%
2023-07-15T00:11:49.367Z [Modules] Streaming discord_krisp@1 to /home/mightyficus/.config/discord/0.0.28/modules/pending/discord_krisp-1.zip: 22%
2023-07-15T00:11:49.367Z [Modules] Streaming discord_krisp@1 to /home/mightyficus/.config/discord/0.0.28/modules/pending/discord_krisp-1.zip: 23%
2023-07-15T00:11:49.368Z [Modules] Streaming discord_krisp@1 to /home/mightyficus/.config/discord/0.0.28/modules/pending/discord_krisp-1.zip: 24%
2023-07-15T00:11:49.368Z [Modules] Streaming discord_krisp@1 to /home/mightyficus/.config/discord/0.0.28/modules/pending/discord_krisp-1.zip: 25%
2023-07-15T00:11:49.369Z [Modules] Streaming discord_krisp@1 to /home/mightyficus/.config/discord/0.0.28/modules/pending/discord_krisp-1.zip: 26%
2023-07-15T00:11:49.369Z [Modules] Streaming discord_krisp@1 to /home/mightyficus/.config/discord/0.0.28/modules/pending/discord_krisp-1.zip: 27%
2023-07-15T00:11:49.382Z [Modules] Streaming discord_krisp@1 to /home/mightyficus/.config/discord/0.0.28/modules/pending/discord_krisp-1.zip: 28%
2023-07-15T00:11:49.383Z [Modules] Streaming discord_krisp@1 to /home/mightyficus/.config/discord/0.0.28/modules/pending/discord_krisp-1.zip: 29%
2023-07-15T00:11:49.385Z [Modules] Streaming discord_krisp@1 to /home/mightyficus/.config/discord/0.0.28/modules/pending/discord_krisp-1.zip: 30%
2023-07-15T00:11:49.389Z [Modules] Streaming discord_krisp@1 to /home/mightyficus/.config/discord/0.0.28/modules/pending/discord_krisp-1.zip: 31%
2023-07-15T00:11:49.393Z [Modules] Streaming discord_krisp@1 to /home/mightyficus/.config/discord/0.0.28/modules/pending/discord_krisp-1.zip: 32%
2023-07-15T00:11:49.394Z [Modules] Streaming discord_krisp@1 to /home/mightyficus/.config/discord/0.0.28/modules/pending/discord_krisp-1.zip: 33%
2023-07-15T00:11:49.395Z [Modules] Streaming discord_krisp@1 to /home/mightyficus/.config/discord/0.0.28/modules/pending/discord_krisp-1.zip: 34%
2023-07-15T00:11:49.397Z [Modules] Streaming discord_krisp@1 to /home/mightyficus/.config/discord/0.0.28/modules/pending/discord_krisp-1.zip: 35%
2023-07-15T00:11:49.399Z [Modules] Streaming discord_krisp@1 to /home/mightyficus/.config/discord/0.0.28/modules/pending/discord_krisp-1.zip: 36%
2023-07-15T00:11:49.401Z [Modules] Streaming discord_krisp@1 to /home/mightyficus/.config/discord/0.0.28/modules/pending/discord_krisp-1.zip: 37%
2023-07-15T00:11:49.403Z [Modules] Streaming discord_krisp@1 to /home/mightyficus/.config/discord/0.0.28/modules/pending/discord_krisp-1.zip: 38%
2023-07-15T00:11:49.405Z [Modules] Streaming discord_krisp@1 to /home/mightyficus/.config/discord/0.0.28/modules/pending/discord_krisp-1.zip: 39%
2023-07-15T00:11:49.407Z [Modules] Streaming discord_krisp@1 to /home/mightyficus/.config/discord/0.0.28/modules/pending/discord_krisp-1.zip: 40%
2023-07-15T00:11:49.408Z [Modules] Streaming discord_krisp@1 to /home/mightyficus/.config/discord/0.0.28/modules/pending/discord_krisp-1.zip: 41%
2023-07-15T00:11:49.411Z [Modules] Streaming discord_krisp@1 to /home/mightyficus/.config/discord/0.0.28/modules/pending/discord_krisp-1.zip: 42%
2023-07-15T00:11:49.412Z [Modules] Streaming discord_krisp@1 to /home/mightyficus/.config/discord/0.0.28/modules/pending/discord_krisp-1.zip: 43%
2023-07-15T00:11:49.414Z [Modules] Streaming discord_krisp@1 to /home/mightyficus/.config/discord/0.0.28/modules/pending/discord_krisp-1.zip: 44%
2023-07-15T00:11:49.416Z [Modules] Streaming discord_krisp@1 to /home/mightyficus/.config/discord/0.0.28/modules/pending/discord_krisp-1.zip: 45%
2023-07-15T00:11:49.419Z [Modules] Streaming discord_krisp@1 to /home/mightyficus/.config/discord/0.0.28/modules/pending/discord_krisp-1.zip: 46%
2023-07-15T00:11:49.421Z [Modules] Streaming discord_krisp@1 to /home/mightyficus/.config/discord/0.0.28/modules/pending/discord_krisp-1.zip: 47%
2023-07-15T00:11:49.423Z [Modules] Streaming discord_krisp@1 to /home/mightyficus/.config/discord/0.0.28/modules/pending/discord_krisp-1.zip: 48%
2023-07-15T00:11:49.425Z [Modules] Streaming discord_krisp@1 to /home/mightyficus/.config/discord/0.0.28/modules/pending/discord_krisp-1.zip: 49%
2023-07-15T00:11:49.427Z [Modules] Streaming discord_krisp@1 to /home/mightyficus/.config/discord/0.0.28/modules/pending/discord_krisp-1.zip: 50%
2023-07-15T00:11:49.429Z [Modules] Streaming discord_krisp@1 to /home/mightyficus/.config/discord/0.0.28/modules/pending/discord_krisp-1.zip: 51%
2023-07-15T00:11:49.431Z [Modules] Streaming discord_krisp@1 to /home/mightyficus/.config/discord/0.0.28/modules/pending/discord_krisp-1.zip: 52%
2023-07-15T00:11:49.433Z [Modules] Streaming discord_krisp@1 to /home/mightyficus/.config/discord/0.0.28/modules/pending/discord_krisp-1.zip: 53%
2023-07-15T00:11:49.435Z [Modules] Streaming discord_krisp@1 to /home/mightyficus/.config/discord/0.0.28/modules/pending/discord_krisp-1.zip: 54%
2023-07-15T00:11:49.437Z [Modules] Streaming discord_krisp@1 to /home/mightyficus/.config/discord/0.0.28/modules/pending/discord_krisp-1.zip: 55%
2023-07-15T00:11:49.438Z [Modules] Streaming discord_krisp@1 to /home/mightyficus/.config/discord/0.0.28/modules/pending/discord_krisp-1.zip: 56%
2023-07-15T00:11:49.441Z [Modules] Streaming discord_krisp@1 to /home/mightyficus/.config/discord/0.0.28/modules/pending/discord_krisp-1.zip: 57%
2023-07-15T00:11:49.442Z [Modules] Streaming discord_krisp@1 to /home/mightyficus/.config/discord/0.0.28/modules/pending/discord_krisp-1.zip: 58%
2023-07-15T00:11:49.445Z [Modules] Streaming discord_krisp@1 to /home/mightyficus/.config/discord/0.0.28/modules/pending/discord_krisp-1.zip: 59%
2023-07-15T00:11:49.446Z [Modules] Streaming discord_krisp@1 to /home/mightyficus/.config/discord/0.0.28/modules/pending/discord_krisp-1.zip: 60%
2023-07-15T00:11:49.448Z [Modules] Streaming discord_krisp@1 to /home/mightyficus/.config/discord/0.0.28/modules/pending/discord_krisp-1.zip: 61%
2023-07-15T00:11:49.451Z [Modules] Streaming discord_krisp@1 to /home/mightyficus/.config/discord/0.0.28/modules/pending/discord_krisp-1.zip: 62%
2023-07-15T00:11:49.454Z [Modules] Streaming discord_krisp@1 to /home/mightyficus/.config/discord/0.0.28/modules/pending/discord_krisp-1.zip: 63%
2023-07-15T00:11:49.456Z [Modules] Streaming discord_krisp@1 to /home/mightyficus/.config/discord/0.0.28/modules/pending/discord_krisp-1.zip: 64%
2023-07-15T00:11:49.460Z [Modules] Streaming discord_krisp@1 to /home/mightyficus/.config/discord/0.0.28/modules/pending/discord_krisp-1.zip: 65%
2023-07-15T00:11:49.462Z [Modules] Streaming discord_krisp@1 to /home/mightyficus/.config/discord/0.0.28/modules/pending/discord_krisp-1.zip: 66%
2023-07-15T00:11:49.464Z [Modules] Streaming discord_krisp@1 to /home/mightyficus/.config/discord/0.0.28/modules/pending/discord_krisp-1.zip: 67%
2023-07-15T00:11:49.466Z [Modules] Streaming discord_krisp@1 to /home/mightyficus/.config/discord/0.0.28/modules/pending/discord_krisp-1.zip: 68%
2023-07-15T00:11:49.468Z [Modules] Streaming discord_krisp@1 to /home/mightyficus/.config/discord/0.0.28/modules/pending/discord_krisp-1.zip: 69%
2023-07-15T00:11:49.470Z [Modules] Streaming discord_krisp@1 to /home/mightyficus/.config/discord/0.0.28/modules/pending/discord_krisp-1.zip: 70%
2023-07-15T00:11:49.472Z [Modules] Streaming discord_krisp@1 to /home/mightyficus/.config/discord/0.0.28/modules/pending/discord_krisp-1.zip: 71%
2023-07-15T00:11:49.474Z [Modules] Streaming discord_krisp@1 to /home/mightyficus/.config/discord/0.0.28/modules/pending/discord_krisp-1.zip: 72%
2023-07-15T00:11:49.477Z [Modules] Streaming discord_krisp@1 to /home/mightyficus/.config/discord/0.0.28/modules/pending/discord_krisp-1.zip: 73%
2023-07-15T00:11:49.478Z [Modules] Streaming discord_krisp@1 to /home/mightyficus/.config/discord/0.0.28/modules/pending/discord_krisp-1.zip: 74%
2023-07-15T00:11:49.480Z [Modules] Streaming discord_krisp@1 to /home/mightyficus/.config/discord/0.0.28/modules/pending/discord_krisp-1.zip: 75%
2023-07-15T00:11:49.482Z [Modules] Streaming discord_krisp@1 to /home/mightyficus/.config/discord/0.0.28/modules/pending/discord_krisp-1.zip: 76%
2023-07-15T00:11:49.484Z [Modules] Streaming discord_krisp@1 to /home/mightyficus/.config/discord/0.0.28/modules/pending/discord_krisp-1.zip: 77%
2023-07-15T00:11:49.487Z [Modules] Streaming discord_krisp@1 to /home/mightyficus/.config/discord/0.0.28/modules/pending/discord_krisp-1.zip: 78%
2023-07-15T00:11:49.490Z [Modules] Streaming discord_krisp@1 to /home/mightyficus/.config/discord/0.0.28/modules/pending/discord_krisp-1.zip: 79%
2023-07-15T00:11:49.497Z [Modules] Streaming discord_krisp@1 to /home/mightyficus/.config/discord/0.0.28/modules/pending/discord_krisp-1.zip: 80%
2023-07-15T00:11:49.499Z [Modules] Streaming discord_krisp@1 to /home/mightyficus/.config/discord/0.0.28/modules/pending/discord_krisp-1.zip: 81%
2023-07-15T00:11:49.500Z [Modules] Streaming discord_krisp@1 to /home/mightyficus/.config/discord/0.0.28/modules/pending/discord_krisp-1.zip: 82%
2023-07-15T00:11:49.501Z [Modules] Streaming discord_krisp@1 to /home/mightyficus/.config/discord/0.0.28/modules/pending/discord_krisp-1.zip: 83%
2023-07-15T00:11:49.501Z [Modules] Streaming discord_krisp@1 to /home/mightyficus/.config/discord/0.0.28/modules/pending/discord_krisp-1.zip: 84%
2023-07-15T00:11:49.503Z [Modules] Streaming discord_krisp@1 to /home/mightyficus/.config/discord/0.0.28/modules/pending/discord_krisp-1.zip: 85%
2023-07-15T00:11:49.505Z [Modules] Streaming discord_krisp@1 to /home/mightyficus/.config/discord/0.0.28/modules/pending/discord_krisp-1.zip: 86%
2023-07-15T00:11:49.508Z [Modules] Streaming discord_krisp@1 to /home/mightyficus/.config/discord/0.0.28/modules/pending/discord_krisp-1.zip: 87%
2023-07-15T00:11:49.509Z [Modules] Streaming discord_krisp@1 to /home/mightyficus/.config/discord/0.0.28/modules/pending/discord_krisp-1.zip: 88%
2023-07-15T00:11:49.512Z [Modules] Streaming discord_krisp@1 to /home/mightyficus/.config/discord/0.0.28/modules/pending/discord_krisp-1.zip: 89%
2023-07-15T00:11:49.514Z [Modules] Streaming discord_krisp@1 to /home/mightyficus/.config/discord/0.0.28/modules/pending/discord_krisp-1.zip: 90%
2023-07-15T00:11:49.515Z [Modules] Streaming discord_krisp@1 to /home/mightyficus/.config/discord/0.0.28/modules/pending/discord_krisp-1.zip: 91%
2023-07-15T00:11:49.517Z [Modules] Streaming discord_krisp@1 to /home/mightyficus/.config/discord/0.0.28/modules/pending/discord_krisp-1.zip: 92%
2023-07-15T00:11:49.519Z [Modules] Streaming discord_krisp@1 to /home/mightyficus/.config/discord/0.0.28/modules/pending/discord_krisp-1.zip: 93%
2023-07-15T00:11:49.522Z [Modules] Streaming discord_krisp@1 to /home/mightyficus/.config/discord/0.0.28/modules/pending/discord_krisp-1.zip: 94%
2023-07-15T00:11:49.524Z [Modules] Streaming discord_krisp@1 to /home/mightyficus/.config/discord/0.0.28/modules/pending/discord_krisp-1.zip: 95%
2023-07-15T00:11:49.526Z [Modules] Streaming discord_krisp@1 to /home/mightyficus/.config/discord/0.0.28/modules/pending/discord_krisp-1.zip: 96%
2023-07-15T00:11:49.532Z [Modules] Streaming discord_krisp@1 to /home/mightyficus/.config/discord/0.0.28/modules/pending/discord_krisp-1.zip: 97%
2023-07-15T00:11:49.534Z [Modules] Streaming discord_krisp@1 to /home/mightyficus/.config/discord/0.0.28/modules/pending/discord_krisp-1.zip: 98%
2023-07-15T00:11:49.536Z [Modules] Streaming discord_krisp@1 to /home/mightyficus/.config/discord/0.0.28/modules/pending/discord_krisp-1.zip: 99%
2023-07-15T00:11:49.538Z [Modules] Streaming discord_krisp@1 to /home/mightyficus/.config/discord/0.0.28/modules/pending/discord_krisp-1.zip: 100%
2023-07-15T00:11:49.538Z [Modules] Fetching discord_game_utils@1 from https://discord.com/api/modules/stable/discord_game_utils/1
2023-07-15T00:11:49.539Z [Modules] Streaming discord_game_utils@1 to /home/mightyficus/.config/discord/0.0.28/modules/pending/discord_game_utils-1.zip
2023-07-15T00:11:49.539Z [Modules] Installing discord_krisp@1 from /home/mightyficus/.config/discord/0.0.28/modules/pending/discord_krisp-1.zip
2023-07-15T00:11:49.697Z [Modules] Streaming discord_game_utils@1 to /home/mightyficus/.config/discord/0.0.28/modules/pending/discord_game_utils-1.zip: 2%
2023-07-15T00:11:49.697Z [Modules] Streaming discord_game_utils@1 to /home/mightyficus/.config/discord/0.0.28/modules/pending/discord_game_utils-1.zip: 4%
2023-07-15T00:11:49.698Z [Modules] Streaming discord_game_utils@1 to /home/mightyficus/.config/discord/0.0.28/modules/pending/discord_game_utils-1.zip: 7%
2023-07-15T00:11:49.698Z [Modules] Streaming discord_game_utils@1 to /home/mightyficus/.config/discord/0.0.28/modules/pending/discord_game_utils-1.zip: 9%
2023-07-15T00:11:49.699Z [Modules] Streaming discord_game_utils@1 to /home/mightyficus/.config/discord/0.0.28/modules/pending/discord_game_utils-1.zip: 12%
2023-07-15T00:11:49.699Z [Modules] Streaming discord_game_utils@1 to /home/mightyficus/.config/discord/0.0.28/modules/pending/discord_game_utils-1.zip: 13%
2023-07-15T00:11:49.700Z [Modules] Streaming discord_game_utils@1 to /home/mightyficus/.config/discord/0.0.28/modules/pending/discord_game_utils-1.zip: 16%
2023-07-15T00:11:49.700Z [Modules] Streaming discord_game_utils@1 to /home/mightyficus/.config/discord/0.0.28/modules/pending/discord_game_utils-1.zip: 19%
2023-07-15T00:11:49.701Z [Modules] Streaming discord_game_utils@1 to /home/mightyficus/.config/discord/0.0.28/modules/pending/discord_game_utils-1.zip: 21%
2023-07-15T00:11:49.701Z [Modules] Streaming discord_game_utils@1 to /home/mightyficus/.config/discord/0.0.28/modules/pending/discord_game_utils-1.zip: 24%
2023-07-15T00:11:49.702Z [Modules] Streaming discord_game_utils@1 to /home/mightyficus/.config/discord/0.0.28/modules/pending/discord_game_utils-1.zip: 27%
2023-07-15T00:11:49.702Z [Modules] Streaming discord_game_utils@1 to /home/mightyficus/.config/discord/0.0.28/modules/pending/discord_game_utils-1.zip: 29%
2023-07-15T00:11:49.703Z [Modules] Streaming discord_game_utils@1 to /home/mightyficus/.config/discord/0.0.28/modules/pending/discord_game_utils-1.zip: 32%
2023-07-15T00:11:49.704Z [Modules] Streaming discord_game_utils@1 to /home/mightyficus/.config/discord/0.0.28/modules/pending/discord_game_utils-1.zip: 35%
2023-07-15T00:11:49.704Z [Modules] Streaming discord_game_utils@1 to /home/mightyficus/.config/discord/0.0.28/modules/pending/discord_game_utils-1.zip: 37%
2023-07-15T00:11:49.705Z [Modules] Streaming discord_game_utils@1 to /home/mightyficus/.config/discord/0.0.28/modules/pending/discord_game_utils-1.zip: 40%
2023-07-15T00:11:49.705Z [Modules] Streaming discord_game_utils@1 to /home/mightyficus/.config/discord/0.0.28/modules/pending/discord_game_utils-1.zip: 43%
2023-07-15T00:11:49.706Z [Modules] Streaming discord_game_utils@1 to /home/mightyficus/.config/discord/0.0.28/modules/pending/discord_game_utils-1.zip: 46%
2023-07-15T00:11:49.706Z [Modules] Streaming discord_game_utils@1 to /home/mightyficus/.config/discord/0.0.28/modules/pending/discord_game_utils-1.zip: 48%
2023-07-15T00:11:49.707Z [Modules] Streaming discord_game_utils@1 to /home/mightyficus/.config/discord/0.0.28/modules/pending/discord_game_utils-1.zip: 51%
2023-07-15T00:11:49.707Z [Modules] Streaming discord_game_utils@1 to /home/mightyficus/.config/discord/0.0.28/modules/pending/discord_game_utils-1.zip: 54%
2023-07-15T00:11:49.708Z [Modules] Streaming discord_game_utils@1 to /home/mightyficus/.config/discord/0.0.28/modules/pending/discord_game_utils-1.zip: 56%
2023-07-15T00:11:49.709Z [Modules] Streaming discord_game_utils@1 to /home/mightyficus/.config/discord/0.0.28/modules/pending/discord_game_utils-1.zip: 59%
2023-07-15T00:11:49.709Z [Modules] Streaming discord_game_utils@1 to /home/mightyficus/.config/discord/0.0.28/modules/pending/discord_game_utils-1.zip: 62%
2023-07-15T00:11:49.710Z [Modules] Streaming discord_game_utils@1 to /home/mightyficus/.config/discord/0.0.28/modules/pending/discord_game_utils-1.zip: 64%
2023-07-15T00:11:49.710Z [Modules] Streaming discord_game_utils@1 to /home/mightyficus/.config/discord/0.0.28/modules/pending/discord_game_utils-1.zip: 67%
2023-07-15T00:11:49.711Z [Modules] Streaming discord_game_utils@1 to /home/mightyficus/.config/discord/0.0.28/modules/pending/discord_game_utils-1.zip: 70%
2023-07-15T00:11:49.711Z [Modules] Streaming discord_game_utils@1 to /home/mightyficus/.config/discord/0.0.28/modules/pending/discord_game_utils-1.zip: 72%
2023-07-15T00:11:49.712Z [Modules] Streaming discord_game_utils@1 to /home/mightyficus/.config/discord/0.0.28/modules/pending/discord_game_utils-1.zip: 75%
2023-07-15T00:11:49.713Z [Modules] Streaming discord_game_utils@1 to /home/mightyficus/.config/discord/0.0.28/modules/pending/discord_game_utils-1.zip: 78%
2023-07-15T00:11:49.713Z [Modules] Streaming discord_game_utils@1 to /home/mightyficus/.config/discord/0.0.28/modules/pending/discord_game_utils-1.zip: 80%
2023-07-15T00:11:49.714Z [Modules] Streaming discord_game_utils@1 to /home/mightyficus/.config/discord/0.0.28/modules/pending/discord_game_utils-1.zip: 83%
2023-07-15T00:11:49.714Z [Modules] Streaming discord_game_utils@1 to /home/mightyficus/.config/discord/0.0.28/modules/pending/discord_game_utils-1.zip: 85%
2023-07-15T00:11:49.714Z [Modules] Streaming discord_game_utils@1 to /home/mightyficus/.config/discord/0.0.28/modules/pending/discord_game_utils-1.zip: 86%
2023-07-15T00:11:49.715Z [Modules] Streaming discord_game_utils@1 to /home/mightyficus/.config/discord/0.0.28/modules/pending/discord_game_utils-1.zip: 88%
2023-07-15T00:11:49.715Z [Modules] Streaming discord_game_utils@1 to /home/mightyficus/.config/discord/0.0.28/modules/pending/discord_game_utils-1.zip: 91%
2023-07-15T00:11:49.716Z [Modules] Streaming discord_game_utils@1 to /home/mightyficus/.config/discord/0.0.28/modules/pending/discord_game_utils-1.zip: 94%
2023-07-15T00:11:49.717Z [Modules] Streaming discord_game_utils@1 to /home/mightyficus/.config/discord/0.0.28/modules/pending/discord_game_utils-1.zip: 96%
2023-07-15T00:11:49.717Z [Modules] Streaming discord_game_utils@1 to /home/mightyficus/.config/discord/0.0.28/modules/pending/discord_game_utils-1.zip: 99%
2023-07-15T00:11:49.717Z [Modules] Streaming discord_game_utils@1 to /home/mightyficus/.config/discord/0.0.28/modules/pending/discord_game_utils-1.zip: 100%
2023-07-15T00:11:49.718Z [Modules] Finished module downloads. [success: 2] [failure: 0]
2023-07-15T00:11:49.840Z [Modules] Checking for host updates.
2023-07-15T00:11:49.876Z [Modules] Installing discord_game_utils@1 from /home/mightyficus/.config/discord/0.0.28/modules/pending/discord_game_utils-1.zip
2023-07-15T00:11:49.917Z [Modules] Finished module installations. [success: 2] [failure: 0]
2023-07-15T00:11:49.950Z [Modules] Host is up to date.
2023-07-15T00:11:49.950Z [Modules] Checking for module updates at https://discord.com/api/modules/stable/versions.json
2023-07-15T00:11:49.952Z [Modules] No module updates available.
2023-07-15T00:11:50.044Z [Modules] Starting to install discord_rpc...
2023-07-15T00:11:50.044Z [Modules] Fetching discord_rpc@1 from https://discord.com/api/modules/stable/discord_rpc/1
2023-07-15T00:11:50.044Z [Modules] Streaming discord_rpc@1 to /home/mightyficus/.config/discord/0.0.28/modules/pending/discord_rpc-1.zip
2023-07-15T00:11:50.204Z [Modules] Streaming discord_rpc@1 to /home/mightyficus/.config/discord/0.0.28/modules/pending/discord_rpc-1.zip: 100%
2023-07-15T00:11:50.204Z [Modules] Finished module downloads. [success: 1] [failure: 0]
2023-07-15T00:11:50.204Z [Modules] Installing discord_rpc@1 from /home/mightyficus/.config/discord/0.0.28/modules/pending/discord_rpc-1.zip
2023-07-15T00:11:50.215Z [Modules] Finished module installations. [success: 1] [failure: 0]
2023-07-15T01:11:49.847Z [Modules] Checking for host updates.
2023-07-15T01:11:49.979Z [Modules] Host is up to date.
2023-07-15T01:11:49.979Z [Modules] Checking for module updates at https://discord.com/api/modules/stable/versions.json
2023-07-15T01:11:50.009Z [Modules] No module updates available.
2023-07-15T02:11:49.846Z [Modules] Checking for host updates.
2023-07-15T02:11:54.982Z [Modules] Host is up to date.
2023-07-15T02:11:54.982Z [Modules] Checking for module updates at https://discord.com/api/modules/stable/versions.json
2023-07-15T02:11:55.014Z [Modules] No module updates available.
2023-07-15T02:28:37.782Z [Modules] Modules initializing
2023-07-15T02:28:37.782Z [Modules] Distribution: remote
2023-07-15T02:28:37.782Z [Modules] Host updates: enabled
2023-07-15T02:28:37.782Z [Modules] Module updates: enabled
2023-07-15T02:28:37.782Z [Modules] Module install path: /home/mightyficus/.config/discord/0.0.28/modules
2023-07-15T02:28:37.782Z [Modules] Module installed file path: /home/mightyficus/.config/discord/0.0.28/modules/installed.json
2023-07-15T02:28:37.783Z [Modules] Module download path: /home/mightyficus/.config/discord/0.0.28/modules/pending
2023-07-15T02:28:37.911Z [Modules] No updates to install
2023-07-15T02:28:37.911Z [Modules] Checking for host updates.
2023-07-15T02:28:43.060Z [Modules] Host is up to date.
2023-07-15T02:28:43.060Z [Modules] Checking for module updates at https://discord.com/api/modules/stable/versions.json
2023-07-15T02:28:43.086Z [Modules] No module updates available.
2023-07-15T02:28:45.293Z [Modules] Checking for host updates.
2023-07-15T02:28:45.401Z [Modules] Host is up to date.
2023-07-15T02:28:45.401Z [Modules] Checking for module updates at https://discord.com/api/modules/stable/versions.json
2023-07-15T02:28:45.403Z [Modules] No module updates available.
2023-07-15T03:28:45.300Z [Modules] Checking for host updates.
2023-07-15T03:28:50.443Z [Modules] Host is up to date.
2023-07-15T03:28:50.443Z [Modules] Checking for module updates at https://discord.com/api/modules/stable/versions.json
2023-07-15T03:28:50.478Z [Modules] No module updates available.
2023-07-15T04:28:45.299Z [Modules] Checking for host updates.
2023-07-15T04:28:45.423Z [Modules] Host is up to date.
2023-07-15T04:28:45.424Z [Modules] Checking for module updates at https://discord.com/api/modules/stable/versions.json
2023-07-15T04:28:45.454Z [Modules] No module updates available.
2023-07-15T05:28:45.299Z [Modules] Checking for host updates.
2023-07-15T05:28:45.417Z [Modules] Host is up to date.
2023-07-15T05:28:45.418Z [Modules] Checking for module updates at https://discord.com/api/modules/stable/versions.json
2023-07-15T05:28:45.449Z [Modules] No module updates available.
2023-07-15T06:28:45.299Z [Modules] Checking for host updates.
2023-07-15T06:28:45.414Z [Modules] Host is up to date.
2023-07-15T06:28:45.414Z [Modules] Checking for module updates at https://discord.com/api/modules/stable/versions.json
2023-07-15T06:28:45.438Z [Modules] No module updates available.
2023-07-15T07:28:45.299Z [Modules] Checking for host updates.
2023-07-15T07:28:45.416Z [Modules] Host is up to date.
2023-07-15T07:28:45.416Z [Modules] Checking for module updates at https://discord.com/api/modules/stable/versions.json
2023-07-15T07:28:45.453Z [Modules] No module updates available.
2023-07-15T08:28:45.299Z [Modules] Checking for host updates.
2023-07-15T08:28:45.427Z [Modules] Host is up to date.
2023-07-15T08:28:45.427Z [Modules] Checking for module updates at https://discord.com/api/modules/stable/versions.json
2023-07-15T08:28:45.456Z [Modules] No module updates available.
2023-07-15T09:28:45.294Z [Modules] Checking for host updates.
2023-07-15T09:28:45.424Z [Modules] Host is up to date.
2023-07-15T09:28:45.424Z [Modules] Checking for module updates at https://discord.com/api/modules/stable/versions.json
2023-07-15T09:28:45.450Z [Modules] No module updates available.
2023-07-15T10:28:45.299Z [Modules] Checking for host updates.
2023-07-15T10:28:45.422Z [Modules] Host is up to date.
2023-07-15T10:28:45.423Z [Modules] Checking for module updates at https://discord.com/api/modules/stable/versions.json
2023-07-15T10:28:45.454Z [Modules] No module updates available.
2023-07-15T11:28:45.300Z [Modules] Checking for host updates.
2023-07-15T11:28:45.421Z [Modules] Host is up to date.
2023-07-15T11:28:45.421Z [Modules] Checking for module updates at https://discord.com/api/modules/stable/versions.json
2023-07-15T11:28:45.448Z [Modules] No module updates available.
2023-07-15T12:28:45.301Z [Modules] Checking for host updates.
2023-07-15T12:28:45.450Z [Modules] Host is up to date.
2023-07-15T12:28:45.451Z [Modules] Checking for module updates at https://discord.com/api/modules/stable/versions.json
2023-07-15T12:28:45.479Z [Modules] No module updates available.
2023-07-15T13:28:45.299Z [Modules] Checking for host updates.
2023-07-15T13:28:50.429Z [Modules] Host is up to date.
2023-07-15T13:28:50.429Z [Modules] Checking for module updates at https://discord.com/api/modules/stable/versions.json
2023-07-15T13:28:50.457Z [Modules] No module updates available.
2023-07-15T14:28:45.300Z [Modules] Checking for host updates.
2023-07-15T14:28:45.421Z [Modules] Host is up to date.
2023-07-15T14:28:45.422Z [Modules] Checking for module updates at https://discord.com/api/modules/stable/versions.json
2023-07-15T14:28:45.456Z [Modules] No module updates available.
2023-07-15T15:28:45.299Z [Modules] Checking for host updates.
2023-07-15T15:28:50.446Z [Modules] Host is up to date.
2023-07-15T15:28:50.447Z [Modules] Checking for module updates at https://discord.com/api/modules/stable/versions.json
2023-07-15T15:28:50.483Z [Modules] No module updates available.
2023-07-15T16:28:45.299Z [Modules] Checking for host updates.
2023-07-15T16:28:45.414Z [Modules] Host is up to date.
2023-07-15T16:28:45.415Z [Modules] Checking for module updates at https://discord.com/api/modules/stable/versions.json
2023-07-15T16:28:45.447Z [Modules] No module updates available.
2023-07-15T17:28:45.299Z [Modules] Checking for host updates.
2023-07-15T17:28:50.440Z [Modules] Host is up to date.
2023-07-15T17:28:50.440Z [Modules] Checking for module updates at https://discord.com/api/modules/stable/versions.json
2023-07-15T17:28:50.471Z [Modules] No module updates available.
2023-07-15T18:28:45.299Z [Modules] Checking for host updates.
2023-07-15T18:28:45.422Z [Modules] Host is up to date.
2023-07-15T18:28:45.423Z [Modules] Checking for module updates at https://discord.com/api/modules/stable/versions.json
2023-07-15T18:28:45.451Z [Modules] No module updates available.
2023-07-15T19:28:45.299Z [Modules] Checking for host updates.
2023-07-15T19:28:50.480Z [Modules] Host is up to date.
2023-07-15T19:28:50.480Z [Modules] Checking for module updates at https://discord.com/api/modules/stable/versions.json
2023-07-15T19:28:50.504Z [Modules] No module updates available.
2023-07-15T20:28:45.299Z [Modules] Checking for host updates.
2023-07-15T20:28:45.417Z [Modules] Host is up to date.
2023-07-15T20:28:45.418Z [Modules] Checking for module updates at https://discord.com/api/modules/stable/versions.json
2023-07-15T20:28:45.446Z [Modules] No module updates available.
2023-07-15T21:28:45.299Z [Modules] Checking for host updates.
2023-07-15T21:28:45.421Z [Modules] Host is up to date.
2023-07-15T21:28:45.421Z [Modules] Checking for module updates at https://discord.com/api/modules/stable/versions.json
2023-07-15T21:28:45.451Z [Modules] No module updates available.
2023-07-15T22:28:45.299Z [Modules] Checking for host updates.
2023-07-15T22:28:45.418Z [Modules] Host is up to date.
2023-07-15T22:28:45.418Z [Modules] Checking for module updates at https://discord.com/api/modules/stable/versions.json
2023-07-15T22:28:45.446Z [Modules] No module updates available.
2023-07-15T23:28:45.299Z [Modules] Checking for host updates.
2023-07-15T23:28:45.421Z [Modules] Host is up to date.
2023-07-15T23:28:45.422Z [Modules] Checking for module updates at https://discord.com/api/modules/stable/versions.json
2023-07-15T23:28:45.449Z [Modules] No module updates available.
2023-07-16T00:28:45.299Z [Modules] Checking for host updates.
2023-07-16T00:28:50.464Z [Modules] Host is up to date.
2023-07-16T00:28:50.465Z [Modules] Checking for module updates at https://discord.com/api/modules/stable/versions.json
2023-07-16T00:28:50.494Z [Modules] No module updates available.
2023-07-16T01:28:45.298Z [Modules] Checking for host updates.
2023-07-16T01:28:45.424Z [Modules] Host is up to date.
2023-07-16T01:28:45.424Z [Modules] Checking for module updates at https://discord.com/api/modules/stable/versions.json
2023-07-16T01:28:45.453Z [Modules] No module updates available.
2023-07-16T02:28:45.299Z [Modules] Checking for host updates.
2023-07-16T02:28:45.421Z [Modules] Host is up to date.
2023-07-16T02:28:45.421Z [Modules] Checking for module updates at https://discord.com/api/modules/stable/versions.json
2023-07-16T02:28:45.451Z [Modules] No module updates available.
2023-07-16T03:28:45.299Z [Modules] Checking for host updates.
2023-07-16T03:28:50.434Z [Modules] Host is up to date.
2023-07-16T03:28:50.434Z [Modules] Checking for module updates at https://discord.com/api/modules/stable/versions.json
2023-07-16T03:28:50.465Z [Modules] No module updates available.
2023-07-16T04:28:45.299Z [Modules] Checking for host updates.
2023-07-16T04:28:45.418Z [Modules] Host is up to date.
2023-07-16T04:28:45.418Z [Modules] Checking for module updates at https://discord.com/api/modules/stable/versions.json
2023-07-16T04:28:45.448Z [Modules] No module updates available.
